Using pre-set license
Built from '2020.3/release' branch; Version is '2020.3.1f1 (77a89f25062f) revision 7841951'; Using compiler version '192528614'; Build Type 'Release'
OS: 'Windows 10 Pro Education; OS build 19042.1288; Version 2009; 64bit' Language: 'es' Physical Memory: 16296 MB
BatchMode: 1, IsHumanControllingUs: 0, StartBugReporterOnCrash: 0, Is64bit: 1, IsPro: 0

 COMMAND LINE ARGUMENTS:
C:\Program Files\Unity\Hub\Editor\2020.3.1f1\Editor\Unity.exe
-adb2
-batchMode
-noUpm
-name
AssetImportWorker0
-projectPath
C:/Users/ani/Desktop/edelap00/Pr_Canicas/Laberinto_Elisa
-logFile
Logs/AssetImportWorker0.log
-srvPort
56756
Successfully changed project path to: C:/Users/ani/Desktop/edelap00/Pr_Canicas/Laberinto_Elisa
C:/Users/ani/Desktop/edelap00/Pr_Canicas/Laberinto_Elisa
Using Asset Import Pipeline V2.
Refreshing native plugins compatible for Editor in 22.35 ms, found 0 plugins.
Preloading 0 native plugins for Editor in 0.00 ms.
Initialize engine version: 2020.3.1f1 (77a89f25062f)
[Subsystems] Discovering subsystems at path C:/Program Files/Unity/Hub/Editor/2020.3.1f1/Editor/Data/Resources/UnitySubsystems
[Subsystems] Discovering subsystems at path C:/Users/ani/Desktop/edelap00/Pr_Canicas/Laberinto_Elisa/Assets
GfxDevice: creating device client; threaded=0
Direct3D:
    Version:  Direct3D 11.0 [level 11.1]
    Renderer: NVIDIA GeForce GTX 1660 SUPER (ID=0x21c4)
    Vendor:   
    VRAM:     5991 MB
    Driver:   27.21.14.5730
Initialize mono
Mono path[0] = 'C:/Program Files/Unity/Hub/Editor/2020.3.1f1/Editor/Data/Managed'
Mono path[1] = 'C:/Program Files/Unity/Hub/Editor/2020.3.1f1/Editor/Data/MonoBleedingEdge/lib/mono/unityjit'
Mono config path = 'C:/Program Files/Unity/Hub/Editor/2020.3.1f1/Editor/Data/MonoBleedingEdge/etc'
Using monoOptions --debugger-agent=transport=dt_socket,embedding=1,server=y,suspend=n,address=127.0.0.1:56872
Begin MonoManager ReloadAssembly
Registering precompiled unity dll's ...
Register platform support module: C:/Program Files/Unity/Hub/Editor/2020.3.1f1/Editor/Data/PlaybackEngines/WindowsStandaloneSupport/UnityEditor.WindowsStandalone.Extensions.dll
Registered in 0.001490 seconds.
Native extension for WindowsStandalone target not found
Refreshing native plugins compatible for Editor in 20.78 ms, found 0 plugins.
Preloading 0 native plugins for Editor in 0.00 ms.
Invoked RoslynAnalysisRunner static constructor.
RoslynAnalysisRunner will not be running.
RoslynAnalysisRunner has terminated.
Mono: successfully reloaded assembly
- Completed reload, in  1.504 seconds
Platform modules already initialized, skipping
Registering precompiled user dll's ...
Registered in 0.000706 seconds.
Begin MonoManager ReloadAssembly
Native extension for WindowsStandalone target not found
Refreshing native plugins compatible for Editor in 0.19 ms, found 0 plugins.
Preloading 0 native plugins for Editor in 0.00 ms.
Invoked RoslynAnalysisRunner static constructor.
RoslynAnalysisRunner will not be running.
RoslynAnalysisRunner has terminated.
Mono: successfully reloaded assembly
- Completed reload, in  0.785 seconds
Platform modules already initialized, skipping
========================================================================
Worker process is ready to serve import requests
Launched and connected shader compiler UnityShaderCompiler.exe after 0.03 seconds
Refreshing native plugins compatible for Editor in 0.19 ms, found 0 plugins.
Preloading 0 native plugins for Editor in 0.00 ms.
Unloading 1117 Unused Serialized files (Serialized files now loaded: 0)
System memory in use before: 57.1 MB.
System memory in use after: 57.1 MB.

Unloading 10 unused Assets to reduce memory usage. Loaded Objects now: 1559.
Total: 1.561200 ms (FindLiveObjects: 0.140700 ms CreateObjectMapping: 0.032900 ms MarkObjects: 1.323000 ms  DeleteObjects: 0.063500 ms)

========================================================================
Received Import Request.
  path: Assets/Scripts/CamFollow1.cs
  artifactKey: Guid(5167e90619bb41b46be14f55edbf5e55) Importer(815301076,1909f56bfc062723c751e8b465ee728b)
Start importing Assets/Scripts/CamFollow1.cs using Guid(5167e90619bb41b46be14f55edbf5e55) Importer(815301076,1909f56bfc062723c751e8b465ee728b)  -> (artifact id: 'd5d5b777d10e3af3712c66780a9fdd6e') in 0.013704 seconds
  Import took 0.015717 seconds .

========================================================================
Received Import Request.
  Time since last request: 22.801991 seconds.
  path: Assets/Scenes/Level2.unity
  artifactKey: Guid(0927dc6b5221b8f4f8d49fd165ce62a1) Importer(815301076,1909f56bfc062723c751e8b465ee728b)
Start importing Assets/Scenes/Level2.unity using Guid(0927dc6b5221b8f4f8d49fd165ce62a1) Importer(815301076,1909f56bfc062723c751e8b465ee728b)  -> (artifact id: '221375407ad1fef931ca9444858b3ad6') in 0.009443 seconds
  Import took 0.011336 seconds .

========================================================================
Received Import Request.
  Time since last request: 248.564255 seconds.
  path: Assets/Scripts/TerrenoMove.cs
  artifactKey: Guid(c2e195b1e9b41b444a3e33c99e892851) Importer(815301076,1909f56bfc062723c751e8b465ee728b)
Start importing Assets/Scripts/TerrenoMove.cs using Guid(c2e195b1e9b41b444a3e33c99e892851) Importer(815301076,1909f56bfc062723c751e8b465ee728b)  -> (artifact id: 'd621c8e42b1a32f6ed13968651254288') in 0.003304 seconds
  Import took 0.005633 seconds .

========================================================================
Received Prepare
Registering precompiled user dll's ...
Registered in 0.000454 seconds.
Begin MonoManager ReloadAssembly
Native extension for WindowsStandalone target not found
Refreshing native plugins compatible for Editor in 0.19 ms, found 0 plugins.
Preloading 0 native plugins for Editor in 0.00 ms.
Invoked RoslynAnalysisRunner static constructor.
RoslynAnalysisRunner will not be running.
RoslynAnalysisRunner has terminated.
Mono: successfully reloaded assembly
- Completed reload, in  0.669 seconds
Platform modules already initialized, skipping
Refreshing native plugins compatible for Editor in 0.18 ms, found 0 plugins.
Preloading 0 native plugins for Editor in 0.00 ms.
Unloading 1112 Unused Serialized files (Serialized files now loaded: 0)
System memory in use before: 57.0 MB.
System memory in use after: 57.1 MB.

Unloading 5 unused Assets to reduce memory usage. Loaded Objects now: 1562.
Total: 1.414700 ms (FindLiveObjects: 0.145800 ms CreateObjectMapping: 0.035200 ms MarkObjects: 1.193800 ms  DeleteObjects: 0.039100 ms)

========================================================================
Received Prepare
Registering precompiled user dll's ...
Registered in 0.000452 seconds.
Begin MonoManager ReloadAssembly
Native extension for WindowsStandalone target not found
Refreshing native plugins compatible for Editor in 0.19 ms, found 0 plugins.
Preloading 0 native plugins for Editor in 0.00 ms.
Invoked RoslynAnalysisRunner static constructor.
RoslynAnalysisRunner will not be running.
RoslynAnalysisRunner has terminated.
Mono: successfully reloaded assembly
- Completed reload, in  0.643 seconds
Platform modules already initialized, skipping
Refreshing native plugins compatible for Editor in 0.18 ms, found 0 plugins.
Preloading 0 native plugins for Editor in 0.00 ms.
Unloading 1112 Unused Serialized files (Serialized files now loaded: 0)
System memory in use before: 57.0 MB.
System memory in use after: 57.1 MB.

Unloading 5 unused Assets to reduce memory usage. Loaded Objects now: 1565.
Total: 1.331600 ms (FindLiveObjects: 0.118100 ms CreateObjectMapping: 0.030600 ms MarkObjects: 1.144800 ms  DeleteObjects: 0.037400 ms)

========================================================================
Received Prepare
Registering precompiled user dll's ...
Registered in 0.000475 seconds.
Begin MonoManager ReloadAssembly
Native extension for WindowsStandalone target not found
Refreshing native plugins compatible for Editor in 0.21 ms, found 0 plugins.
Preloading 0 native plugins for Editor in 0.00 ms.
Invoked RoslynAnalysisRunner static constructor.
RoslynAnalysisRunner will not be running.
RoslynAnalysisRunner has terminated.
Mono: successfully reloaded assembly
- Completed reload, in  0.666 seconds
Platform modules already initialized, skipping
Refreshing native plugins compatible for Editor in 0.21 ms, found 0 plugins.
Preloading 0 native plugins for Editor in 0.00 ms.
Unloading 1112 Unused Serialized files (Serialized files now loaded: 0)
System memory in use before: 57.0 MB.
System memory in use after: 57.1 MB.

Unloading 5 unused Assets to reduce memory usage. Loaded Objects now: 1568.
Total: 1.361400 ms (FindLiveObjects: 0.124200 ms CreateObjectMapping: 0.031400 ms MarkObjects: 1.165900 ms  DeleteObjects: 0.039100 ms)

========================================================================
Received Prepare
Registering precompiled user dll's ...
Registered in 0.000457 seconds.
Begin MonoManager ReloadAssembly
Native extension for WindowsStandalone target not found
Refreshing native plugins compatible for Editor in 0.20 ms, found 0 plugins.
Preloading 0 native plugins for Editor in 0.00 ms.
Invoked RoslynAnalysisRunner static constructor.
RoslynAnalysisRunner will not be running.
RoslynAnalysisRunner has terminated.
Mono: successfully reloaded assembly
- Completed reload, in  0.664 seconds
Platform modules already initialized, skipping
Refreshing native plugins compatible for Editor in 0.19 ms, found 0 plugins.
Preloading 0 native plugins for Editor in 0.00 ms.
Unloading 1112 Unused Serialized files (Serialized files now loaded: 0)
System memory in use before: 57.0 MB.
System memory in use after: 57.1 MB.

Unloading 5 unused Assets to reduce memory usage. Loaded Objects now: 1571.
Total: 1.347700 ms (FindLiveObjects: 0.127800 ms CreateObjectMapping: 0.031600 ms MarkObjects: 1.151000 ms  DeleteObjects: 0.036500 ms)

========================================================================
Received Prepare
Registering precompiled user dll's ...
Registered in 0.000498 seconds.
Begin MonoManager ReloadAssembly
Native extension for WindowsStandalone target not found
Refreshing native plugins compatible for Editor in 0.19 ms, found 0 plugins.
Preloading 0 native plugins for Editor in 0.00 ms.
Invoked RoslynAnalysisRunner static constructor.
RoslynAnalysisRunner will not be running.
RoslynAnalysisRunner has terminated.
Mono: successfully reloaded assembly
- Completed reload, in  0.641 seconds
Platform modules already initialized, skipping
Refreshing native plugins compatible for Editor in 0.18 ms, found 0 plugins.
Preloading 0 native plugins for Editor in 0.00 ms.
Unloading 1112 Unused Serialized files (Serialized files now loaded: 0)
System memory in use before: 57.0 MB.
System memory in use after: 57.1 MB.

Unloading 5 unused Assets to reduce memory usage. Loaded Objects now: 1574.
Total: 1.488100 ms (FindLiveObjects: 0.119100 ms CreateObjectMapping: 0.028700 ms MarkObjects: 1.302800 ms  DeleteObjects: 0.036800 ms)

========================================================================
Received Import Request.
  Time since last request: 275.902023 seconds.
  path: Assets/Scripts/MoverBola.cs
  artifactKey: Guid(6afaf61779fdcb8499e23fd445e6161c) Importer(815301076,1909f56bfc062723c751e8b465ee728b)
Start importing Assets/Scripts/MoverBola.cs using Guid(6afaf61779fdcb8499e23fd445e6161c) Importer(815301076,1909f56bfc062723c751e8b465ee728b)  -> (artifact id: '46fdd37f74390d6d90143eff343c2e6d') in 0.007361 seconds
  Import took 0.009020 seconds .

========================================================================
Received Import Request.
  Time since last request: 0.020798 seconds.
  path: Assets/Scripts/MoverBola.cs
  artifactKey: Guid(6afaf61779fdcb8499e23fd445e6161c) Importer(815301076,1909f56bfc062723c751e8b465ee728b)
Start importing Assets/Scripts/MoverBola.cs using Guid(6afaf61779fdcb8499e23fd445e6161c) Importer(815301076,1909f56bfc062723c751e8b465ee728b)  -> (artifact id: '46fdd37f74390d6d90143eff343c2e6d') in 0.003231 seconds
  Import took 0.004972 seconds .

========================================================================
Received Prepare
Registering precompiled user dll's ...
Registered in 0.000459 seconds.
Begin MonoManager ReloadAssembly
Native extension for WindowsStandalone target not found
Refreshing native plugins compatible for Editor in 0.19 ms, found 0 plugins.
Preloading 0 native plugins for Editor in 0.00 ms.
Invoked RoslynAnalysisRunner static constructor.
RoslynAnalysisRunner will not be running.
RoslynAnalysisRunner has terminated.
Mono: successfully reloaded assembly
- Completed reload, in  0.684 seconds
Platform modules already initialized, skipping
Refreshing native plugins compatible for Editor in 0.18 ms, found 0 plugins.
Preloading 0 native plugins for Editor in 0.00 ms.
Unloading 1112 Unused Serialized files (Serialized files now loaded: 0)
System memory in use before: 57.1 MB.
System memory in use after: 57.1 MB.

Unloading 5 unused Assets to reduce memory usage. Loaded Objects now: 1577.
Total: 1.387100 ms (FindLiveObjects: 0.117500 ms CreateObjectMapping: 0.030700 ms MarkObjects: 1.199000 ms  DeleteObjects: 0.038800 ms)

========================================================================
Received Prepare
Registering precompiled user dll's ...
Registered in 0.000485 seconds.
Begin MonoManager ReloadAssembly
Native extension for WindowsStandalone target not found
Refreshing native plugins compatible for Editor in 0.19 ms, found 0 plugins.
Preloading 0 native plugins for Editor in 0.00 ms.
Invoked RoslynAnalysisRunner static constructor.
RoslynAnalysisRunner will not be running.
RoslynAnalysisRunner has terminated.
Mono: successfully reloaded assembly
- Completed reload, in  0.658 seconds
Platform modules already initialized, skipping
Refreshing native plugins compatible for Editor in 0.18 ms, found 0 plugins.
Preloading 0 native plugins for Editor in 0.00 ms.
Unloading 1112 Unused Serialized files (Serialized files now loaded: 0)
System memory in use before: 57.1 MB.
System memory in use after: 57.1 MB.

Unloading 5 unused Assets to reduce memory usage. Loaded Objects now: 1580.
Total: 1.571800 ms (FindLiveObjects: 0.138100 ms CreateObjectMapping: 0.036000 ms MarkObjects: 1.358100 ms  DeleteObjects: 0.038900 ms)

========================================================================
Received Prepare
Registering precompiled user dll's ...
Registered in 0.000440 seconds.
Begin MonoManager ReloadAssembly
Native extension for WindowsStandalone target not found
Refreshing native plugins compatible for Editor in 0.20 ms, found 0 plugins.
Preloading 0 native plugins for Editor in 0.00 ms.
Invoked RoslynAnalysisRunner static constructor.
RoslynAnalysisRunner will not be running.
RoslynAnalysisRunner has terminated.
Mono: successfully reloaded assembly
- Completed reload, in  0.634 seconds
Platform modules already initialized, skipping
Refreshing native plugins compatible for Editor in 0.18 ms, found 0 plugins.
Preloading 0 native plugins for Editor in 0.00 ms.
Unloading 1112 Unused Serialized files (Serialized files now loaded: 0)
System memory in use before: 57.1 MB.
System memory in use after: 57.1 MB.

Unloading 5 unused Assets to reduce memory usage. Loaded Objects now: 1583.
Total: 1.323100 ms (FindLiveObjects: 0.129200 ms CreateObjectMapping: 0.029700 ms MarkObjects: 1.128000 ms  DeleteObjects: 0.035500 ms)

========================================================================
Received Prepare
Registering precompiled user dll's ...
Registered in 0.000454 seconds.
Begin MonoManager ReloadAssembly
Native extension for WindowsStandalone target not found
Refreshing native plugins compatible for Editor in 0.18 ms, found 0 plugins.
Preloading 0 native plugins for Editor in 0.00 ms.
Invoked RoslynAnalysisRunner static constructor.
RoslynAnalysisRunner will not be running.
RoslynAnalysisRunner has terminated.
Mono: successfully reloaded assembly
- Completed reload, in  0.641 seconds
Platform modules already initialized, skipping
Refreshing native plugins compatible for Editor in 0.20 ms, found 0 plugins.
Preloading 0 native plugins for Editor in 0.00 ms.
Unloading 1112 Unused Serialized files (Serialized files now loaded: 0)
System memory in use before: 57.1 MB.
System memory in use after: 57.2 MB.

Unloading 5 unused Assets to reduce memory usage. Loaded Objects now: 1586.
Total: 1.436200 ms (FindLiveObjects: 0.138500 ms CreateObjectMapping: 0.037300 ms MarkObjects: 1.216100 ms  DeleteObjects: 0.043400 ms)

========================================================================
Received Prepare
Registering precompiled user dll's ...
Registered in 0.000487 seconds.
Begin MonoManager ReloadAssembly
Native extension for WindowsStandalone target not found
Refreshing native plugins compatible for Editor in 0.19 ms, found 0 plugins.
Preloading 0 native plugins for Editor in 0.00 ms.
Invoked RoslynAnalysisRunner static constructor.
RoslynAnalysisRunner will not be running.
RoslynAnalysisRunner has terminated.
Mono: successfully reloaded assembly
- Completed reload, in  0.649 seconds
Platform modules already initialized, skipping
Refreshing native plugins compatible for Editor in 0.18 ms, found 0 plugins.
Preloading 0 native plugins for Editor in 0.00 ms.
Unloading 1112 Unused Serialized files (Serialized files now loaded: 0)
System memory in use before: 57.1 MB.
System memory in use after: 57.2 MB.

Unloading 5 unused Assets to reduce memory usage. Loaded Objects now: 1589.
Total: 1.519900 ms (FindLiveObjects: 0.122900 ms CreateObjectMapping: 0.029700 ms MarkObjects: 1.325500 ms  DeleteObjects: 0.041100 ms)

========================================================================
Received Import Request.
  Time since last request: 1048.597548 seconds.
  path: Assets/Scripts/ResetLevel.cs
  artifactKey: Guid(a99b79e9f9be7ba4080c9b7c0f553769) Importer(815301076,1909f56bfc062723c751e8b465ee728b)
Start importing Assets/Scripts/ResetLevel.cs using Guid(a99b79e9f9be7ba4080c9b7c0f553769) Importer(815301076,1909f56bfc062723c751e8b465ee728b)  -> (artifact id: 'd2ec402ffc1db297664040e6fa970934') in 0.008191 seconds
  Import took 0.009986 seconds .

========================================================================
Received Prepare
Registering precompiled user dll's ...
Registered in 0.000465 seconds.
Begin MonoManager ReloadAssembly
Native extension for WindowsStandalone target not found
Refreshing native plugins compatible for Editor in 0.19 ms, found 0 plugins.
Preloading 0 native plugins for Editor in 0.00 ms.
Invoked RoslynAnalysisRunner static constructor.
RoslynAnalysisRunner will not be running.
RoslynAnalysisRunner has terminated.
Mono: successfully reloaded assembly
- Completed reload, in  0.665 seconds
Platform modules already initialized, skipping
Refreshing native plugins compatible for Editor in 0.18 ms, found 0 plugins.
Preloading 0 native plugins for Editor in 0.00 ms.
Unloading 1113 Unused Serialized files (Serialized files now loaded: 0)
System memory in use before: 57.1 MB.
System memory in use after: 57.2 MB.

Unloading 5 unused Assets to reduce memory usage. Loaded Objects now: 1593.
Total: 1.601600 ms (FindLiveObjects: 0.174700 ms CreateObjectMapping: 0.051500 ms MarkObjects: 1.336400 ms  DeleteObjects: 0.038300 ms)

========================================================================
Received Import Request.
  Time since last request: 124.046723 seconds.
  path: Assets/Scripts/NextScene.cs
  artifactKey: Guid(c4c4c463abca1324989ac36d7101ad9b) Importer(815301076,1909f56bfc062723c751e8b465ee728b)
Start importing Assets/Scripts/NextScene.cs using Guid(c4c4c463abca1324989ac36d7101ad9b) Importer(815301076,1909f56bfc062723c751e8b465ee728b)  -> (artifact id: '4bf7d479d9c20873eb9c67ee79eeb997') in 0.004207 seconds
  Import took 0.006380 seconds .

========================================================================
Received Prepare
Registering precompiled user dll's ...
Registered in 0.000474 seconds.
Begin MonoManager ReloadAssembly
Native extension for WindowsStandalone target not found
Refreshing native plugins compatible for Editor in 0.19 ms, found 0 plugins.
Preloading 0 native plugins for Editor in 0.00 ms.
Invoked RoslynAnalysisRunner static constructor.
RoslynAnalysisRunner will not be running.
RoslynAnalysisRunner has terminated.
Mono: successfully reloaded assembly
- Completed reload, in  0.661 seconds
Platform modules already initialized, skipping
Refreshing native plugins compatible for Editor in 0.20 ms, found 0 plugins.
Preloading 0 native plugins for Editor in 0.00 ms.
Unloading 1113 Unused Serialized files (Serialized files now loaded: 0)
System memory in use before: 57.1 MB.
System memory in use after: 57.2 MB.

Unloading 5 unused Assets to reduce memory usage. Loaded Objects now: 1596.
Total: 1.582500 ms (FindLiveObjects: 0.141800 ms CreateObjectMapping: 0.030300 ms MarkObjects: 1.343000 ms  DeleteObjects: 0.066700 ms)

========================================================================
Received Import Request.
  Time since last request: 472.321465 seconds.
  path: Assets/Scenes/Level2.unity
  artifactKey: Guid(0927dc6b5221b8f4f8d49fd165ce62a1) Importer(815301076,1909f56bfc062723c751e8b465ee728b)
Start importing Assets/Scenes/Level2.unity using Guid(0927dc6b5221b8f4f8d49fd165ce62a1) Importer(815301076,1909f56bfc062723c751e8b465ee728b)  -> (artifact id: 'e1234505736f124ac50d0834fd3289b7') in 0.009087 seconds
  Import took 0.011026 seconds .

========================================================================
Received Import Request.
  Time since last request: 0.002590 seconds.
  path: Assets/Scenes/Level2.unity
  artifactKey: Guid(0927dc6b5221b8f4f8d49fd165ce62a1) Importer(815301076,1909f56bfc062723c751e8b465ee728b)
Start importing Assets/Scenes/Level2.unity using Guid(0927dc6b5221b8f4f8d49fd165ce62a1) Importer(815301076,1909f56bfc062723c751e8b465ee728b)  -> (artifact id: 'e1234505736f124ac50d0834fd3289b7') in 0.002718 seconds
  Import took 0.004340 seconds .

========================================================================
Received Prepare
Registering precompiled user dll's ...
Registered in 0.000467 seconds.
Begin MonoManager ReloadAssembly
Native extension for WindowsStandalone target not found
Refreshing native plugins compatible for Editor in 0.19 ms, found 0 plugins.
Preloading 0 native plugins for Editor in 0.00 ms.
Invoked RoslynAnalysisRunner static constructor.
RoslynAnalysisRunner will not be running.
RoslynAnalysisRunner has terminated.
Mono: successfully reloaded assembly
- Completed reload, in  0.648 seconds
Platform modules already initialized, skipping
Refreshing native plugins compatible for Editor in 0.19 ms, found 0 plugins.
Preloading 0 native plugins for Editor in 0.00 ms.
Unloading 1113 Unused Serialized files (Serialized files now loaded: 0)
System memory in use before: 57.1 MB.
System memory in use after: 57.2 MB.

Unloading 5 unused Assets to reduce memory usage. Loaded Objects now: 1599.
Total: 1.520200 ms (FindLiveObjects: 0.141200 ms CreateObjectMapping: 0.038200 ms MarkObjects: 1.298500 ms  DeleteObjects: 0.041500 ms)

========================================================================
Received Import Request.
  Time since last request: 52.966091 seconds.
  path: Assets/Scenes/Level2 1.unity
  artifactKey: Guid(8a6b502b09954c549979bdf5c759af64) Importer(815301076,1909f56bfc062723c751e8b465ee728b)
Start importing Assets/Scenes/Level2 1.unity using Guid(8a6b502b09954c549979bdf5c759af64) Importer(815301076,1909f56bfc062723c751e8b465ee728b)  -> (artifact id: '1824dc9e48032e39f8bb3d71cba8c48f') in 0.014649 seconds
  Import took 0.016460 seconds .

========================================================================
Received Import Request.
  Time since last request: 9.147346 seconds.
  path: Assets/Scenes/Level3.unity
  artifactKey: Guid(8a6b502b09954c549979bdf5c759af64) Importer(815301076,1909f56bfc062723c751e8b465ee728b)
Start importing Assets/Scenes/Level3.unity using Guid(8a6b502b09954c549979bdf5c759af64) Importer(815301076,1909f56bfc062723c751e8b465ee728b)  -> (artifact id: 'd7c28c2a09c908720be60b6dde102470') in 0.003020 seconds
  Import took 0.004772 seconds .

========================================================================
Received Import Request.
  Time since last request: 2.590208 seconds.
  path: Assets/Scenes/Level1.unity
  artifactKey: Guid(9fc0d4010bbf28b4594072e72b8655ab) Importer(815301076,1909f56bfc062723c751e8b465ee728b)
Start importing Assets/Scenes/Level1.unity using Guid(9fc0d4010bbf28b4594072e72b8655ab) Importer(815301076,1909f56bfc062723c751e8b465ee728b)  -> (artifact id: 'fae47a33a423779af0c40417acb22bca') in 0.006165 seconds
  Import took 0.007966 seconds .

========================================================================
Received Prepare
Registering precompiled user dll's ...
Registered in 0.000507 seconds.
Begin MonoManager ReloadAssembly
Native extension for WindowsStandalone target not found
Refreshing native plugins compatible for Editor in 0.18 ms, found 0 plugins.
Preloading 0 native plugins for Editor in 0.00 ms.
Invoked RoslynAnalysisRunner static constructor.
RoslynAnalysisRunner will not be running.
RoslynAnalysisRunner has terminated.
Mono: successfully reloaded assembly
- Completed reload, in  0.659 seconds
Platform modules already initialized, skipping
Refreshing native plugins compatible for Editor in 0.19 ms, found 0 plugins.
Preloading 0 native plugins for Editor in 0.00 ms.
Unloading 1113 Unused Serialized files (Serialized files now loaded: 0)
System memory in use before: 57.2 MB.
System memory in use after: 57.2 MB.

Unloading 5 unused Assets to reduce memory usage. Loaded Objects now: 1602.
Total: 1.703300 ms (FindLiveObjects: 0.191300 ms CreateObjectMapping: 0.055000 ms MarkObjects: 1.412900 ms  DeleteObjects: 0.043100 ms)

========================================================================
Received Prepare
Registering precompiled user dll's ...
Registered in 0.000511 seconds.
Begin MonoManager ReloadAssembly
Native extension for WindowsStandalone target not found
Refreshing native plugins compatible for Editor in 0.18 ms, found 0 plugins.
Preloading 0 native plugins for Editor in 0.00 ms.
Invoked RoslynAnalysisRunner static constructor.
RoslynAnalysisRunner will not be running.
RoslynAnalysisRunner has terminated.
Mono: successfully reloaded assembly
- Completed reload, in  0.657 seconds
Platform modules already initialized, skipping
Refreshing native plugins compatible for Editor in 0.19 ms, found 0 plugins.
Preloading 0 native plugins for Editor in 0.00 ms.
Unloading 1113 Unused Serialized files (Serialized files now loaded: 0)
System memory in use before: 57.2 MB.
System memory in use after: 57.2 MB.

Unloading 5 unused Assets to reduce memory usage. Loaded Objects now: 1605.
Total: 1.536600 ms (FindLiveObjects: 0.135200 ms CreateObjectMapping: 0.034100 ms MarkObjects: 1.325900 ms  DeleteObjects: 0.040700 ms)

========================================================================
Received Prepare
Registering precompiled user dll's ...
Registered in 0.000531 seconds.
Begin MonoManager ReloadAssembly
Native extension for WindowsStandalone target not found
Refreshing native plugins compatible for Editor in 0.19 ms, found 0 plugins.
Preloading 0 native plugins for Editor in 0.00 ms.
Invoked RoslynAnalysisRunner static constructor.
RoslynAnalysisRunner will not be running.
RoslynAnalysisRunner has terminated.
Mono: successfully reloaded assembly
- Completed reload, in  0.646 seconds
Platform modules already initialized, skipping
Refreshing native plugins compatible for Editor in 0.18 ms, found 0 plugins.
Preloading 0 native plugins for Editor in 0.00 ms.
Unloading 1113 Unused Serialized files (Serialized files now loaded: 0)
System memory in use before: 57.2 MB.
System memory in use after: 57.2 MB.

Unloading 5 unused Assets to reduce memory usage. Loaded Objects now: 1608.
Total: 1.358000 ms (FindLiveObjects: 0.113100 ms CreateObjectMapping: 0.027300 ms MarkObjects: 1.181700 ms  DeleteObjects: 0.034800 ms)

========================================================================
Received Prepare
Registering precompiled user dll's ...
Registered in 0.000592 seconds.
Begin MonoManager ReloadAssembly
Native extension for WindowsStandalone target not found
Refreshing native plugins compatible for Editor in 0.19 ms, found 0 plugins.
Preloading 0 native plugins for Editor in 0.00 ms.
Invoked RoslynAnalysisRunner static constructor.
RoslynAnalysisRunner will not be running.
RoslynAnalysisRunner has terminated.
Mono: successfully reloaded assembly
- Completed reload, in  0.657 seconds
Platform modules already initialized, skipping
Refreshing native plugins compatible for Editor in 0.18 ms, found 0 plugins.
Preloading 0 native plugins for Editor in 0.00 ms.
Unloading 1113 Unused Serialized files (Serialized files now loaded: 0)
System memory in use before: 57.2 MB.
System memory in use after: 57.3 MB.

Unloading 5 unused Assets to reduce memory usage. Loaded Objects now: 1611.
Total: 1.404800 ms (FindLiveObjects: 0.128300 ms CreateObjectMapping: 0.029000 ms MarkObjects: 1.207600 ms  DeleteObjects: 0.039000 ms)

========================================================================
Received Import Request.
  Time since last request: 334.324436 seconds.
  path: Assets/Scenes/Level2.unity
  artifactKey: Guid(0927dc6b5221b8f4f8d49fd165ce62a1) Importer(815301076,1909f56bfc062723c751e8b465ee728b)
Start importing Assets/Scenes/Level2.unity using Guid(0927dc6b5221b8f4f8d49fd165ce62a1) Importer(815301076,1909f56bfc062723c751e8b465ee728b)  -> (artifact id: '35f1f72de091e2a3c6d9f2c2d7c3dd36') in 0.010302 seconds
  Import took 0.012021 seconds .

========================================================================
Received Import Request.
  Time since last request: 0.002102 seconds.
  path: Assets/Scenes/Level2.unity
  artifactKey: Guid(0927dc6b5221b8f4f8d49fd165ce62a1) Importer(815301076,1909f56bfc062723c751e8b465ee728b)
Start importing Assets/Scenes/Level2.unity using Guid(0927dc6b5221b8f4f8d49fd165ce62a1) Importer(815301076,1909f56bfc062723c751e8b465ee728b)  -> (artifact id: '35f1f72de091e2a3c6d9f2c2d7c3dd36') in 0.002868 seconds
  Import took 0.004669 seconds .

========================================================================
Received Prepare
Registering precompiled user dll's ...
Registered in 0.000572 seconds.
Begin MonoManager ReloadAssembly
Native extension for WindowsStandalone target not found
Refreshing native plugins compatible for Editor in 0.19 ms, found 0 plugins.
Preloading 0 native plugins for Editor in 0.00 ms.
Invoked RoslynAnalysisRunner static constructor.
RoslynAnalysisRunner will not be running.
RoslynAnalysisRunner has terminated.
Mono: successfully reloaded assembly
- Completed reload, in  0.632 seconds
Platform modules already initialized, skipping
Refreshing native plugins compatible for Editor in 0.19 ms, found 0 plugins.
Preloading 0 native plugins for Editor in 0.00 ms.
Unloading 1113 Unused Serialized files (Serialized files now loaded: 0)
System memory in use before: 57.2 MB.
System memory in use after: 57.3 MB.

Unloading 5 unused Assets to reduce memory usage. Loaded Objects now: 1614.
Total: 1.356000 ms (FindLiveObjects: 0.118400 ms CreateObjectMapping: 0.027100 ms MarkObjects: 1.173400 ms  DeleteObjects: 0.036400 ms)

========================================================================
Received Import Request.
  Time since last request: 179.808383 seconds.
  path: Assets/prefabs/canica.prefab
  artifactKey: Guid(3c62ea325a4de784ebdc9bbf8628eed0) Importer(815301076,1909f56bfc062723c751e8b465ee728b)
Start importing Assets/prefabs/canica.prefab using Guid(3c62ea325a4de784ebdc9bbf8628eed0) Importer(815301076,1909f56bfc062723c751e8b465ee728b)  -> (artifact id: '68ae5d05477f60f63eddcb5a3534a2d5') in 0.074956 seconds
  Import took 0.077194 seconds .

========================================================================
Received Import Request.
  Time since last request: 3.679653 seconds.
  path: Assets/prefabs/muro.prefab
  artifactKey: Guid(7b3daa5c01d05044b8db1f226c0684ee) Importer(815301076,1909f56bfc062723c751e8b465ee728b)
Start importing Assets/prefabs/muro.prefab using Guid(7b3daa5c01d05044b8db1f226c0684ee) Importer(815301076,1909f56bfc062723c751e8b465ee728b)  -> (artifact id: 'd3efe3a9dbd9168ef28edf004a47f926') in 0.012477 seconds
  Import took 0.014249 seconds .

========================================================================
Received Import Request.
  Time since last request: 0.007161 seconds.
  path: Assets/prefabs/muro.prefab
  artifactKey: Guid(7b3daa5c01d05044b8db1f226c0684ee) Importer(815301076,1909f56bfc062723c751e8b465ee728b)
Start importing Assets/prefabs/muro.prefab using Guid(7b3daa5c01d05044b8db1f226c0684ee) Importer(815301076,1909f56bfc062723c751e8b465ee728b)  -> (artifact id: 'd3efe3a9dbd9168ef28edf004a47f926') in 0.007249 seconds
  Import took 0.009020 seconds .

========================================================================
Received Import Request.
  Time since last request: 7.059043 seconds.
  path: Assets/Scenes/Level2.unity
  artifactKey: Guid(0927dc6b5221b8f4f8d49fd165ce62a1) Importer(815301076,1909f56bfc062723c751e8b465ee728b)
Start importing Assets/Scenes/Level2.unity using Guid(0927dc6b5221b8f4f8d49fd165ce62a1) Importer(815301076,1909f56bfc062723c751e8b465ee728b)  -> (artifact id: 'd828e97a490c61c23e6426f219d5c757') in 0.002930 seconds
  Import took 0.004716 seconds .

========================================================================
Received Prepare
Registering precompiled user dll's ...
Registered in 0.000475 seconds.
Begin MonoManager ReloadAssembly
Native extension for WindowsStandalone target not found
Refreshing native plugins compatible for Editor in 0.24 ms, found 0 plugins.
Preloading 0 native plugins for Editor in 0.00 ms.
Invoked RoslynAnalysisRunner static constructor.
RoslynAnalysisRunner will not be running.
RoslynAnalysisRunner has terminated.
Mono: successfully reloaded assembly
- Completed reload, in  0.640 seconds
Platform modules already initialized, skipping
Refreshing native plugins compatible for Editor in 0.18 ms, found 0 plugins.
Preloading 0 native plugins for Editor in 0.00 ms.
Unloading 1113 Unused Serialized files (Serialized files now loaded: 0)
System memory in use before: 60.4 MB.
System memory in use after: 60.4 MB.

Unloading 5 unused Assets to reduce memory usage. Loaded Objects now: 1626.
Total: 1.391200 ms (FindLiveObjects: 0.134900 ms CreateObjectMapping: 0.033000 ms MarkObjects: 1.188800 ms  DeleteObjects: 0.033400 ms)

========================================================================
Received Prepare
Registering precompiled user dll's ...
Registered in 0.000482 seconds.
Begin MonoManager ReloadAssembly
Native extension for WindowsStandalone target not found
Refreshing native plugins compatible for Editor in 0.18 ms, found 0 plugins.
Preloading 0 native plugins for Editor in 0.00 ms.
Invoked RoslynAnalysisRunner static constructor.
RoslynAnalysisRunner will not be running.
RoslynAnalysisRunner has terminated.
Mono: successfully reloaded assembly
- Completed reload, in  0.642 seconds
Platform modules already initialized, skipping
Refreshing native plugins compatible for Editor in 0.18 ms, found 0 plugins.
Preloading 0 native plugins for Editor in 0.00 ms.
Unloading 1113 Unused Serialized files (Serialized files now loaded: 0)
System memory in use before: 60.4 MB.
System memory in use after: 60.4 MB.

Unloading 5 unused Assets to reduce memory usage. Loaded Objects now: 1629.
Total: 1.469200 ms (FindLiveObjects: 0.132400 ms CreateObjectMapping: 0.034000 ms MarkObjects: 1.261200 ms  DeleteObjects: 0.040500 ms)

========================================================================
Received Import Request.
  Time since last request: 332.204787 seconds.
  path: Assets/Scenes/Level3.unity
  artifactKey: Guid(8a6b502b09954c549979bdf5c759af64) Importer(815301076,1909f56bfc062723c751e8b465ee728b)
Start importing Assets/Scenes/Level3.unity using Guid(8a6b502b09954c549979bdf5c759af64) Importer(815301076,1909f56bfc062723c751e8b465ee728b)  -> (artifact id: 'fb9c1c9ca91afb8c1a6dff60bcf161c6') in 0.013407 seconds
  Import took 0.015144 seconds .

========================================================================
Received Import Request.
  Time since last request: 34.534762 seconds.
  path: Assets/Scenes/Despedida.unity
  artifactKey: Guid(9302aeb32ed3b6849bfdf9e3d80fc44f) Importer(815301076,1909f56bfc062723c751e8b465ee728b)
Start importing Assets/Scenes/Despedida.unity using Guid(9302aeb32ed3b6849bfdf9e3d80fc44f) Importer(815301076,1909f56bfc062723c751e8b465ee728b)  -> (artifact id: '1726ff083bd91bbcc699062c7fe2a3ee') in 0.007145 seconds
  Import took 0.008944 seconds .

========================================================================
Received Prepare
Registering precompiled user dll's ...
Registered in 0.000453 seconds.
Begin MonoManager ReloadAssembly
Native extension for WindowsStandalone target not found
Refreshing native plugins compatible for Editor in 0.19 ms, found 0 plugins.
Preloading 0 native plugins for Editor in 0.00 ms.
Invoked RoslynAnalysisRunner static constructor.
RoslynAnalysisRunner will not be running.
RoslynAnalysisRunner has terminated.
Mono: successfully reloaded assembly
- Completed reload, in  0.640 seconds
Platform modules already initialized, skipping
Refreshing native plugins compatible for Editor in 0.18 ms, found 0 plugins.
Preloading 0 native plugins for Editor in 0.00 ms.
Unloading 1113 Unused Serialized files (Serialized files now loaded: 0)
System memory in use before: 60.4 MB.
System memory in use after: 60.5 MB.

Unloading 5 unused Assets to reduce memory usage. Loaded Objects now: 1632.
Total: 1.427800 ms (FindLiveObjects: 0.118100 ms CreateObjectMapping: 0.028700 ms MarkObjects: 1.243500 ms  DeleteObjects: 0.036900 ms)

========================================================================
Received Prepare
Registering precompiled user dll's ...
Registered in 0.000724 seconds.
Begin MonoManager ReloadAssembly
Native extension for WindowsStandalone target not found
Refreshing native plugins compatible for Editor in 0.19 ms, found 0 plugins.
Preloading 0 native plugins for Editor in 0.00 ms.
Invoked RoslynAnalysisRunner static constructor.
RoslynAnalysisRunner will not be running.
RoslynAnalysisRunner has terminated.
Mono: successfully reloaded assembly
- Completed reload, in  0.661 seconds
Platform modules already initialized, skipping
Refreshing native plugins compatible for Editor in 0.19 ms, found 0 plugins.
Preloading 0 native plugins for Editor in 0.00 ms.
Unloading 1113 Unused Serialized files (Serialized files now loaded: 0)
System memory in use before: 60.4 MB.
System memory in use after: 60.5 MB.

Unloading 5 unused Assets to reduce memory usage. Loaded Objects now: 1635.
Total: 1.329500 ms (FindLiveObjects: 0.122100 ms CreateObjectMapping: 0.032000 ms MarkObjects: 1.139300 ms  DeleteObjects: 0.035400 ms)

========================================================================
Received Prepare
Registering precompiled user dll's ...
Registered in 0.000437 seconds.
Begin MonoManager ReloadAssembly
Native extension for WindowsStandalone target not found
Refreshing native plugins compatible for Editor in 0.19 ms, found 0 plugins.
Preloading 0 native plugins for Editor in 0.00 ms.
Invoked RoslynAnalysisRunner static constructor.
RoslynAnalysisRunner will not be running.
RoslynAnalysisRunner has terminated.
Mono: successfully reloaded assembly
- Completed reload, in  0.679 seconds
Platform modules already initialized, skipping
Refreshing native plugins compatible for Editor in 0.20 ms, found 0 plugins.
Preloading 0 native plugins for Editor in 0.00 ms.
Unloading 1113 Unused Serialized files (Serialized files now loaded: 0)
System memory in use before: 60.4 MB.
System memory in use after: 60.5 MB.

Unloading 5 unused Assets to reduce memory usage. Loaded Objects now: 1638.
Total: 1.476700 ms (FindLiveObjects: 0.149000 ms CreateObjectMapping: 0.040700 ms MarkObjects: 1.246500 ms  DeleteObjects: 0.039300 ms)

========================================================================
Received Import Request.
  Time since last request: 1484.139689 seconds.
  path: Assets/Scenes/Level3.unity
  artifactKey: Guid(8a6b502b09954c549979bdf5c759af64) Importer(815301076,1909f56bfc062723c751e8b465ee728b)
Start importing Assets/Scenes/Level3.unity using Guid(8a6b502b09954c549979bdf5c759af64) Importer(815301076,1909f56bfc062723c751e8b465ee728b)  -> (artifact id: 'cc58e62bdd589e9f6f2a11d3b2eac659') in 0.009659 seconds
  Import took 0.011474 seconds .

========================================================================
Received Import Request.
  Time since last request: 79.123247 seconds.
  path: Assets/materiales/Plástico Muro.mat
  artifactKey: Guid(b3cfd8ceb6a517b43994bab5d6d70332) Importer(815301076,1909f56bfc062723c751e8b465ee728b)
Start importing Assets/materiales/Plástico Muro.mat using Guid(b3cfd8ceb6a517b43994bab5d6d70332) Importer(815301076,1909f56bfc062723c751e8b465ee728b)  -> (artifact id: 'e60193cf642bf1ddf6b0ea1d1006b93e') in 0.050834 seconds
  Import took 0.052562 seconds .

========================================================================
Received Import Request.
  Time since last request: 13.094485 seconds.
  path: Assets/materiales/New Material.mat
  artifactKey: Guid(1bdc1830216070d4d91fbc600e9069ac) Importer(815301076,1909f56bfc062723c751e8b465ee728b)
Start importing Assets/materiales/New Material.mat using Guid(1bdc1830216070d4d91fbc600e9069ac) Importer(815301076,1909f56bfc062723c751e8b465ee728b)  -> (artifact id: 'e8bab1f1a7048980f46008f1aded481d') in 0.016645 seconds
  Import took 0.018366 seconds .

========================================================================
Received Prepare
Registering precompiled user dll's ...
Registered in 0.000530 seconds.
Begin MonoManager ReloadAssembly
Native extension for WindowsStandalone target not found
Refreshing native plugins compatible for Editor in 0.21 ms, found 0 plugins.
Preloading 0 native plugins for Editor in 0.00 ms.
Invoked RoslynAnalysisRunner static constructor.
RoslynAnalysisRunner will not be running.
RoslynAnalysisRunner has terminated.
Mono: successfully reloaded assembly
- Completed reload, in  0.641 seconds
Platform modules already initialized, skipping
Refreshing native plugins compatible for Editor in 0.18 ms, found 0 plugins.
Preloading 0 native plugins for Editor in 0.00 ms.
Unloading 1113 Unused Serialized files (Serialized files now loaded: 0)
System memory in use before: 60.6 MB.
System memory in use after: 60.7 MB.

Unloading 5 unused Assets to reduce memory usage. Loaded Objects now: 1675.
Total: 1.457300 ms (FindLiveObjects: 0.149500 ms CreateObjectMapping: 0.040400 ms MarkObjects: 1.227200 ms  DeleteObjects: 0.039500 ms)

========================================================================
Received Import Request.
  Time since last request: 244.703324 seconds.
  path: Assets/materiales/New Material.mat
  artifactKey: Guid(1bdc1830216070d4d91fbc600e9069ac) Importer(815301076,1909f56bfc062723c751e8b465ee728b)
Start importing Assets/materiales/New Material.mat using Guid(1bdc1830216070d4d91fbc600e9069ac) Importer(815301076,1909f56bfc062723c751e8b465ee728b)  -> (artifact id: 'd9d5d4ca7688d4931db1c2f314bbd01f') in 0.050048 seconds
  Import took 0.051759 seconds .

========================================================================
Received Import Request.
  Time since last request: 178.769248 seconds.
  path: Assets/Scenes/Level2.unity
  artifactKey: Guid(0927dc6b5221b8f4f8d49fd165ce62a1) Importer(815301076,1909f56bfc062723c751e8b465ee728b)
Start importing Assets/Scenes/Level2.unity using Guid(0927dc6b5221b8f4f8d49fd165ce62a1) Importer(815301076,1909f56bfc062723c751e8b465ee728b)  -> (artifact id: '8b877354c22adbb55678fe3d8de90b83') in 0.003950 seconds
  Import took 0.006357 seconds .

========================================================================
Received Prepare
Registering precompiled user dll's ...
Registered in 0.000583 seconds.
Begin MonoManager ReloadAssembly
Native extension for WindowsStandalone target not found
Refreshing native plugins compatible for Editor in 0.21 ms, found 0 plugins.
Preloading 0 native plugins for Editor in 0.00 ms.
Invoked RoslynAnalysisRunner static constructor.
RoslynAnalysisRunner will not be running.
RoslynAnalysisRunner has terminated.
Mono: successfully reloaded assembly
- Completed reload, in  0.632 seconds
Platform modules already initialized, skipping
Refreshing native plugins compatible for Editor in 0.19 ms, found 0 plugins.
Preloading 0 native plugins for Editor in 0.00 ms.
Unloading 1113 Unused Serialized files (Serialized files now loaded: 0)
System memory in use before: 60.6 MB.
System memory in use after: 60.7 MB.

Unloading 5 unused Assets to reduce memory usage. Loaded Objects now: 1679.
Total: 1.410900 ms (FindLiveObjects: 0.146200 ms CreateObjectMapping: 0.030100 ms MarkObjects: 1.199400 ms  DeleteObjects: 0.034500 ms)

========================================================================
Received Prepare
Registering precompiled user dll's ...
Registered in 0.000532 seconds.
Begin MonoManager ReloadAssembly
Native extension for WindowsStandalone target not found
Refreshing native plugins compatible for Editor in 0.25 ms, found 0 plugins.
Preloading 0 native plugins for Editor in 0.00 ms.
Invoked RoslynAnalysisRunner static constructor.
RoslynAnalysisRunner will not be running.
RoslynAnalysisRunner has terminated.
Mono: successfully reloaded assembly
- Completed reload, in  0.630 seconds
Platform modules already initialized, skipping
Refreshing native plugins compatible for Editor in 0.18 ms, found 0 plugins.
Preloading 0 native plugins for Editor in 0.00 ms.
Unloading 1113 Unused Serialized files (Serialized files now loaded: 0)
System memory in use before: 60.6 MB.
System memory in use after: 60.7 MB.

Unloading 5 unused Assets to reduce memory usage. Loaded Objects now: 1682.
Total: 1.596000 ms (FindLiveObjects: 0.137200 ms CreateObjectMapping: 0.035400 ms MarkObjects: 1.381500 ms  DeleteObjects: 0.040800 ms)

AssetImportWorkerClient::OnTransportError - code=2 error=End of file
